{"name": "Создание проекта с 500 символьным именем", "status": "failed", "statusDetails": {"message": "AssertionError: \u001b[31mFAILURE: \u001b[0mcheck 400 == 201\n\u001b[31mtest_allure.py\u001b[0m:60 in test_invalid_name() -> pytest_check.equal(create_flag, 201)\n\n------------------------------------------------------------\nFailed Checks: 1", "trace": "\u001b[31mFAILURE: \u001b[0mcheck 400 == 201\n\u001b[31mtest_allure.py\u001b[0m:60 in test_invalid_name() -> pytest_check.equal(create_flag, 201)\n\n------------------------------------------------------------\nFailed Checks: 1"}, "steps": [{"name": "Создание проекта", "status": "passed", "start": 1718908363278, "stop": 1718908363291}], "attachments": [{"name": "stdout", "source": "d1a552fb-ea8c-4884-9a78-6e1e6458ce8e-attachment.txt", "type": "text/plain"}], "start": 1718908363278, "stop": 1718908363291, "uuid": "0f21b8ac-c8b9-4ff9-a3b7-1e72c28fbe2c", "historyId": "177d3e2643e60c0f61f3bc4201058d3a", "testCaseId": "177d3e2643e60c0f61f3bc4201058d3a", "fullName": "test_allure.Test_API#test_invalid_name", "labels": [{"name": "suite", "value": "test_allure"}, {"name": "subSuite", "value": "Test_API"}, {"name": "host", "value": "user"}, {"name": "thread", "value": "221222-MainThread"}, {"name": "framework", "value": "pytest"}, {"name": "language", "value": "cpython3"}, {"name": "package", "value": "test_allure"}]}