{"name": "test_delete_proj", "status": "failed", "statusDetails": {"message": "AssertionError: \u001b[31mFAILURE: \u001b[0mcheck Button DELETE not found == True\n\u001b[31mtest_allure.py\u001b[0m:130 in test_delete_proj() -> pytest_check.equal(ui.check_delete_project(), True)\n\n------------------------------------------------------------\nFailed Checks: 1", "trace": "\u001b[31mFAILURE: \u001b[0mcheck Button DELETE not found == True\n\u001b[31mtest_allure.py\u001b[0m:130 in test_delete_proj() -> pytest_check.equal(ui.check_delete_project(), True)\n\n------------------------------------------------------------\nFailed Checks: 1"}, "steps": [{"name": "Удаление сучествующего проекта через интерфейс", "status": "passed", "start": 1719293823756, "stop": 1719294017421}], "start": 1719293823755, "stop": 1719294017421, "uuid": "14084b60-8077-420e-bb43-82ddb74058a3", "historyId": "669754c7c4ec358da40c2ff9f530940b", "testCaseId": "669754c7c4ec358da40c2ff9f530940b", "fullName": "test.test_allure.Test_UI#test_delete_proj", "labels": [{"name": "parentSuite", "value": "test"}, {"name": "suite", "value": "test_allure"}, {"name": "subSuite", "value": "Test_UI"}, {"name": "host", "value": "user"}, {"name": "thread", "value": "62993-MainThread"}, {"name": "framework", "value": "pytest"}, {"name": "language", "value": "cpython3"}, {"name": "package", "value": "test.test_allure"}]}