{"name": "Создание проекта с различным нулевыми именами", "status": "failed", "statusDetails": {"message": "AssertionError: \u001b[31mFAILURE: \u001b[0mcheck 200 == 404\n\u001b[31mtest_allure.py\u001b[0m:60 in test_zero_name() -> pytest_check.equal(search_flag, 404)\n\n------------------------------------------------------------\nFailed Checks: 1", "trace": "\u001b[31mFAILURE: \u001b[0mcheck 200 == 404\n\u001b[31mtest_allure.py\u001b[0m:60 in test_zero_name() -> pytest_check.equal(search_flag, 404)\n\n------------------------------------------------------------\nFailed Checks: 1"}, "steps": [{"name": "Создание проеекта", "status": "passed", "start": 1719294697314, "stop": 1719294697325}], "attachments": [{"name": "stdout", "source": "965dba9d-e6b3-4df5-96b3-fcb5631b8155-attachment.txt", "type": "text/plain"}], "parameters": [{"name": "name_prj", "value": "''"}], "start": 1719294697314, "stop": 1719294697325, "uuid": "5d59a008-374e-4d1f-9a08-4fa6e16ce2c9", "historyId": "5d59345b1022da4b36cc64b01d24119b", "testCaseId": "5d59345b1022da4b36cc64b01d24119b", "fullName": "test.test_allure.Test_API#test_zero_name", "labels": [{"name": "parentSuite", "value": "test"}, {"name": "suite", "value": "test_allure"}, {"name": "subSuite", "value": "Test_API"}, {"name": "host", "value": "user"}, {"name": "thread", "value": "78360-MainThread"}, {"name": "framework", "value": "pytest"}, {"name": "language", "value": "cpython3"}, {"name": "package", "value": "test.test_allure"}]}